\BOOKMARK [1][-]{section.1}{Challenge Solution Statement}{}% 1
\BOOKMARK [1][-]{section.2}{System Design}{}% 2
\BOOKMARK [1][-]{section.3}{Design Evaluation}{}% 3
\BOOKMARK [2][-]{subsection.3.1}{Difficulty of Specification Attempted}{section.3}% 4
\BOOKMARK [2][-]{subsection.3.2}{Quality of the Electronic Design}{section.3}% 5
\BOOKMARK [2][-]{subsection.3.3}{Ease of Use}{section.3}% 6
\BOOKMARK [2][-]{subsection.3.4}{Creativity and Innovation of the Designed Product}{section.3}% 7
\BOOKMARK [2][-]{subsection.3.5}{Aesthetics}{section.3}% 8
\BOOKMARK [2][-]{subsection.3.6}{Cost}{section.3}% 9
\BOOKMARK [2][-]{subsection.3.7}{Reliability}{section.3}% 10
\BOOKMARK [1][-]{section.4}{Quality Factor}{}% 11
\BOOKMARK [2][-]{subsection.4.1}{Costing}{section.4}% 12
\BOOKMARK [2][-]{subsection.4.2}{Marketing}{section.4}% 13
\BOOKMARK [2][-]{subsection.4.3}{Conformance Marking}{section.4}% 14
\BOOKMARK [1][-]{section.5}{Final Product}{}% 15
\BOOKMARK [1][-]{appendix.A}{Design Completion Form}{}% 16
\BOOKMARK [1][-]{appendix.B}{Project Completion Form}{}% 17
\BOOKMARK [1][-]{appendix.C}{Circuit Diagrams}{}% 18
\BOOKMARK [1][-]{appendix.D}{Software Listings}{}% 19
\BOOKMARK [2][-]{subsection.D.1}{Buffer}{appendix.D}% 20
\BOOKMARK [2][-]{subsection.D.2}{Signal Processing}{appendix.D}% 21
\BOOKMARK [2][-]{subsection.D.3}{Web}{appendix.D}% 22
\BOOKMARK [2][-]{subsection.D.4}{LED Control}{appendix.D}% 23
\BOOKMARK [1][-]{appendix.E}{Project Meeting Agenda and Minutes}{}% 24
\BOOKMARK [2][-]{subsection.E.1}{15:00 16/02/2019}{appendix.E}% 25
\BOOKMARK [2][-]{subsection.E.2}{10:00 18/02/2019}{appendix.E}% 26
\BOOKMARK [2][-]{subsection.E.3}{11:50 19/02/2019}{appendix.E}% 27
\BOOKMARK [2][-]{subsection.E.4}{15:00 19/02/2019}{appendix.E}% 28
\BOOKMARK [2][-]{subsection.E.5}{15:00 21/02/2019}{appendix.E}% 29
